<?xml version="1.0" encoding="UTF-8"?>
<!-- Generated by org.testng.reporters.JUnitXMLReporter -->
<testsuite ignored="0" hostname="DESKTOP-4LJ4O1F" failures="0" tests="4" name="Navigation Tests" time="50.775" errors="0" timestamp="2026-02-17T10:02:08 IST">
  <testcase classname="tests.NavigationTest" name="testTopMenuNavigation" time="5.887"/>
  <testcase classname="tests.NavigationTest" name="testCategoryNavigation" time="11.886"/>
  <testcase classname="tests.NavigationTest" name="testAddToCartFlow" time="4.175"/>
  <testcase classname="tests.NavigationTest" name="testContactAndFooter" time="3.876"/>
</testsuite> <!-- Navigation Tests -->
