<?xml version="1.0" encoding="UTF-8"?>
<!-- Generated by org.testng.reporters.JUnitXMLReporter -->
<testsuite ignored="0" hostname="DESKTOP-JLJN62Q" failures="0" tests="8" name="AllTests" time="275.926" errors="0" timestamp="2026-02-17T09:41:05 IST">
  <testcase classname="com.automationexercise.tests.SignupTest" name="signupTest" time="43.822"/>
  <testcase classname="com.automationexercise.tests.SignupTest" name="signupTest" time="22.818"/>
  <testcase classname="com.automationexercise.tests.SignupTest" name="signupTest" time="49.281"/>
  <testcase classname="com.automationexercise.tests.SignupTest" name="signupTest" time="8.126"/>
  <testcase classname="com.automationexercise.tests.LoginTest" name="loginTest" time="17.968"/>
  <testcase classname="com.automationexercise.tests.LoginTest" name="loginTest" time="19.236"/>
  <testcase classname="com.automationexercise.tests.LoginTest" name="loginTest" time="5.16"/>
  <testcase classname="com.automationexercise.tests.LoginTest" name="loginTest" time="9.412"/>
</testsuite> <!-- AllTests -->
