<?xml version="1.0" encoding="UTF-8"?>
<!-- Generated by org.testng.reporters.JUnitReportReporter -->
<testsuite hostname="DESKTOP-4LJ4O1F" failures="0" tests="4" name="tests.NavigationTest" time="50.740" errors="0" timestamp="2026-02-17T10:02:09 IST" skipped="0">
  <testcase classname="tests.NavigationTest" name="testTopMenuNavigation" time="12.264"/>
  <testcase classname="tests.NavigationTest" name="testCategoryNavigation" time="17.710"/>
  <testcase classname="tests.NavigationTest" name="testAddToCartFlow" time="8.997"/>
  <testcase classname="tests.NavigationTest" name="testContactAndFooter" time="11.769"/>
</testsuite> <!-- tests.NavigationTest -->
