<?xml version="1.0" encoding="UTF-8"?>
<testng-results ignored="0" total="8" passed="8" failed="0" skipped="0">
  <reporter-output>
  </reporter-output>
  <suite started-at="2026-02-17T09:36:29 IST" name="AutomationExerciseSuite" finished-at="2026-02-17T09:41:05 IST" duration-ms="275926">
    <groups>
    </groups>
    <test started-at="2026-02-17T09:36:29 IST" name="AllTests" finished-at="2026-02-17T09:41:05 IST" duration-ms="275926">
      <class name="com.automationexercise.tests.LoginTest">
        <test-method is-config="true" signature="setUp()[pri:0, instance:com.automationexercise.tests.LoginTest@21d5c1a0]" started-at="2026-02-17T09:39:09 IST" name="setUp" finished-at="2026-02-17T09:39:19 IST" duration-ms="9313" status="PASS">
          <reporter-output>
          </reporter-output>
        </test-method> <!-- setUp -->
        <test-method signature="loginTest(java.lang.String,java.lang.String,java.lang.String)[pri:0, instance:com.automationexercise.tests.LoginTest@21d5c1a0]" started-at="2026-02-17T09:39:19 IST" name="loginTest" data-provider="loginData" finished-at="2026-02-17T09:39:36 IST" duration-ms="17968" status="PASS">
          <params>
            <param index="0">
              <value>
                <![CDATA[TC01]]>
              </value>
            </param>
            <param index="1">
              <value>
                <![CDATA[iris.coleman801@testmail.com]]>
              </value>
            </param>
            <param index="2">
              <value>
                <![CDATA[Test@123]]>
              </value>
            </param>
          </params>
          <reporter-output>
          </reporter-output>
        </test-method> <!-- loginTest -->
        <test-method is-config="true" signature="tearDown()[pri:0, instance:com.automationexercise.tests.LoginTest@21d5c1a0]" started-at="2026-02-17T09:39:36 IST" name="tearDown" finished-at="2026-02-17T09:39:37 IST" duration-ms="771" status="PASS">
          <reporter-output>
          </reporter-output>
        </test-method> <!-- tearDown -->
        <test-method is-config="true" signature="setUp()[pri:0, instance:com.automationexercise.tests.LoginTest@21d5c1a0]" started-at="2026-02-17T09:39:37 IST" name="setUp" finished-at="2026-02-17T09:40:02 IST" duration-ms="24358" status="PASS">
          <reporter-output>
          </reporter-output>
        </test-method> <!-- setUp -->
        <test-method signature="loginTest(java.lang.String,java.lang.String,java.lang.String)[pri:0, instance:com.automationexercise.tests.LoginTest@21d5c1a0]" started-at="2026-02-17T09:40:02 IST" name="loginTest" data-provider="loginData" finished-at="2026-02-17T09:40:21 IST" duration-ms="19236" status="PASS">
          <params>
            <param index="0">
              <value>
                <![CDATA[TC02]]>
              </value>
            </param>
            <param index="1">
              <value>
                <![CDATA[owen.parker802@testmail.com]]>
              </value>
            </param>
            <param index="2">
              <value>
                <![CDATA[Test@123]]>
              </value>
            </param>
          </params>
          <reporter-output>
          </reporter-output>
        </test-method> <!-- loginTest -->
        <test-method is-config="true" signature="tearDown()[pri:0, instance:com.automationexercise.tests.LoginTest@21d5c1a0]" started-at="2026-02-17T09:40:21 IST" name="tearDown" finished-at="2026-02-17T09:40:21 IST" duration-ms="564" status="PASS">
          <reporter-output>
          </reporter-output>
        </test-method> <!-- tearDown -->
        <test-method is-config="true" signature="setUp()[pri:0, instance:com.automationexercise.tests.LoginTest@21d5c1a0]" started-at="2026-02-17T09:40:21 IST" name="setUp" finished-at="2026-02-17T09:40:31 IST" duration-ms="9839" status="PASS">
          <reporter-output>
          </reporter-output>
        </test-method> <!-- setUp -->
        <test-method signature="loginTest(java.lang.String,java.lang.String,java.lang.String)[pri:0, instance:com.automationexercise.tests.LoginTest@21d5c1a0]" started-at="2026-02-17T09:40:31 IST" name="loginTest" data-provider="loginData" finished-at="2026-02-17T09:40:36 IST" duration-ms="5160" status="PASS">
          <params>
            <param index="0">
              <value>
                <![CDATA[TC03]]>
              </value>
            </param>
            <param index="1">
              <value>
                <![CDATA[zara.knight803@testmail.com]]>
              </value>
            </param>
            <param index="2">
              <value>
                <![CDATA[Wrong@123]]>
              </value>
            </param>
          </params>
          <reporter-output>
          </reporter-output>
        </test-method> <!-- loginTest -->
        <test-method is-config="true" signature="tearDown()[pri:0, instance:com.automationexercise.tests.LoginTest@21d5c1a0]" started-at="2026-02-17T09:40:36 IST" name="tearDown" finished-at="2026-02-17T09:40:37 IST" duration-ms="587" status="PASS">
          <reporter-output>
          </reporter-output>
        </test-method> <!-- tearDown -->
        <test-method is-config="true" signature="setUp()[pri:0, instance:com.automationexercise.tests.LoginTest@21d5c1a0]" started-at="2026-02-17T09:40:37 IST" name="setUp" finished-at="2026-02-17T09:40:55 IST" duration-ms="18070" status="PASS">
          <reporter-output>
          </reporter-output>
        </test-method> <!-- setUp -->
        <test-method signature="loginTest(java.lang.String,java.lang.String,java.lang.String)[pri:0, instance:com.automationexercise.tests.LoginTest@21d5c1a0]" started-at="2026-02-17T09:40:55 IST" name="loginTest" data-provider="loginData" finished-at="2026-02-17T09:41:04 IST" duration-ms="9412" status="PASS">
          <params>
            <param index="0">
              <value>
                <![CDATA[TC04]]>
              </value>
            </param>
            <param index="1">
              <value>
                <![CDATA[unknown.user999@testmail.com]]>
              </value>
            </param>
            <param index="2">
              <value>
                <![CDATA[Test@123]]>
              </value>
            </param>
          </params>
          <reporter-output>
          </reporter-output>
        </test-method> <!-- loginTest -->
        <test-method is-config="true" signature="tearDown()[pri:0, instance:com.automationexercise.tests.LoginTest@21d5c1a0]" started-at="2026-02-17T09:41:05 IST" name="tearDown" finished-at="2026-02-17T09:41:05 IST" duration-ms="669" status="PASS">
          <reporter-output>
          </reporter-output>
        </test-method> <!-- tearDown -->
      </class> <!-- com.automationexercise.tests.LoginTest -->
      <class name="com.automationexercise.tests.SignupTest">
        <test-method is-config="true" signature="setUp()[pri:0, instance:com.automationexercise.tests.SignupTest@64712be]" started-at="2026-02-17T09:36:31 IST" name="setUp" finished-at="2026-02-17T09:36:41 IST" duration-ms="9933" status="PASS">
          <reporter-output>
          </reporter-output>
        </test-method> <!-- setUp -->
        <test-method signature="signupTest(java.lang.String,java.lang.String,java.lang.String,java.lang.String,java.lang.String,java.lang.String,java.lang.String,java.lang.String,java.lang.String,java.lang.String,java.lang.String,java.lang.String,java.lang.String,java.lang.String,java.lang.String)[pri:0, instance:com.automationexercise.tests.SignupTest@64712be]" started-at="2026-02-17T09:36:41 IST" name="signupTest" data-provider="signupData" finished-at="2026-02-17T09:37:25 IST" duration-ms="43822" status="PASS">
          <params>
            <param index="0">
              <value>
                <![CDATA[TC01]]>
              </value>
            </param>
            <param index="1">
              <value>
                <![CDATA[Iris]]>
              </value>
            </param>
            <param index="2">
              <value>
                <![CDATA[Coleman]]>
              </value>
            </param>
            <param index="3">
              <value>
                <![CDATA[iris.coleman801@testmail.com]]>
              </value>
            </param>
            <param index="4">
              <value>
                <![CDATA[Test@123]]>
              </value>
            </param>
            <param index="5">
              <value>
                <![CDATA[9]]>
              </value>
            </param>
            <param index="6">
              <value>
                <![CDATA[January]]>
              </value>
            </param>
            <param index="7">
              <value>
                <![CDATA[1996]]>
              </value>
            </param>
            <param index="8">
              <value>
                <![CDATA[ColemanTech]]>
              </value>
            </param>
            <param index="9">
              <value>
                <![CDATA[Street 11]]>
              </value>
            </param>
            <param index="10">
              <value>
                <![CDATA[India]]>
              </value>
            </param>
            <param index="11">
              <value>
                <![CDATA[MP]]>
              </value>
            </param>
            <param index="12">
              <value>
                <![CDATA[Indore]]>
              </value>
            </param>
            <param index="13">
              <value>
                <![CDATA[452010]]>
              </value>
            </param>
            <param index="14">
              <value>
                <![CDATA[9500000001]]>
              </value>
            </param>
          </params>
          <reporter-output>
          </reporter-output>
        </test-method> <!-- signupTest -->
        <test-method is-config="true" signature="tearDown()[pri:0, instance:com.automationexercise.tests.SignupTest@64712be]" started-at="2026-02-17T09:37:25 IST" name="tearDown" finished-at="2026-02-17T09:37:26 IST" duration-ms="1331" status="PASS">
          <reporter-output>
          </reporter-output>
        </test-method> <!-- tearDown -->
        <test-method is-config="true" signature="setUp()[pri:0, instance:com.automationexercise.tests.SignupTest@64712be]" started-at="2026-02-17T09:37:26 IST" name="setUp" finished-at="2026-02-17T09:37:36 IST" duration-ms="10462" status="PASS">
          <reporter-output>
          </reporter-output>
        </test-method> <!-- setUp -->
        <test-method signature="signupTest(java.lang.String,java.lang.String,java.lang.String,java.lang.String,java.lang.String,java.lang.String,java.lang.String,java.lang.String,java.lang.String,java.lang.String,java.lang.String,java.lang.String,java.lang.String,java.lang.String,java.lang.String)[pri:0, instance:com.automationexercise.tests.SignupTest@64712be]" started-at="2026-02-17T09:37:36 IST" name="signupTest" data-provider="signupData" finished-at="2026-02-17T09:37:59 IST" duration-ms="22818" status="PASS">
          <params>
            <param index="0">
              <value>
                <![CDATA[TC02]]>
              </value>
            </param>
            <param index="1">
              <value>
                <![CDATA[Owen]]>
              </value>
            </param>
            <param index="2">
              <value>
                <![CDATA[Parker]]>
              </value>
            </param>
            <param index="3">
              <value>
                <![CDATA[owen.parker802@testmail.com]]>
              </value>
            </param>
            <param index="4">
              <value>
                <![CDATA[Test@123]]>
              </value>
            </param>
            <param index="5">
              <value>
                <![CDATA[17]]>
              </value>
            </param>
            <param index="6">
              <value>
                <![CDATA[March]]>
              </value>
            </param>
            <param index="7">
              <value>
                <![CDATA[1997]]>
              </value>
            </param>
            <param index="8">
              <value>
                <![CDATA[ParkerSoft]]>
              </value>
            </param>
            <param index="9">
              <value>
                <![CDATA[Sector 4]]>
              </value>
            </param>
            <param index="10">
              <value>
                <![CDATA[India]]>
              </value>
            </param>
            <param index="11">
              <value>
                <![CDATA[MH]]>
              </value>
            </param>
            <param index="12">
              <value>
                <![CDATA[Nashik]]>
              </value>
            </param>
            <param index="13">
              <value>
                <![CDATA[422002]]>
              </value>
            </param>
            <param index="14">
              <value>
                <![CDATA[9500000002]]>
              </value>
            </param>
          </params>
          <reporter-output>
          </reporter-output>
        </test-method> <!-- signupTest -->
        <test-method is-config="true" signature="tearDown()[pri:0, instance:com.automationexercise.tests.SignupTest@64712be]" started-at="2026-02-17T09:37:59 IST" name="tearDown" finished-at="2026-02-17T09:38:00 IST" duration-ms="686" status="PASS">
          <reporter-output>
          </reporter-output>
        </test-method> <!-- tearDown -->
        <test-method is-config="true" signature="setUp()[pri:0, instance:com.automationexercise.tests.SignupTest@64712be]" started-at="2026-02-17T09:38:00 IST" name="setUp" finished-at="2026-02-17T09:38:04 IST" duration-ms="4411" status="PASS">
          <reporter-output>
          </reporter-output>
        </test-method> <!-- setUp -->
        <test-method signature="signupTest(java.lang.String,java.lang.String,java.lang.String,java.lang.String,java.lang.String,java.lang.String,java.lang.String,java.lang.String,java.lang.String,java.lang.String,java.lang.String,java.lang.String,java.lang.String,java.lang.String,java.lang.String)[pri:0, instance:com.automationexercise.tests.SignupTest@64712be]" started-at="2026-02-17T09:38:04 IST" name="signupTest" data-provider="signupData" finished-at="2026-02-17T09:38:54 IST" duration-ms="49281" status="PASS">
          <params>
            <param index="0">
              <value>
                <![CDATA[TC03]]>
              </value>
            </param>
            <param index="1">
              <value>
                <![CDATA[Zara]]>
              </value>
            </param>
            <param index="2">
              <value>
                <![CDATA[Knight]]>
              </value>
            </param>
            <param index="3">
              <value>
                <![CDATA[zara.knight803@testmail.com]]>
              </value>
            </param>
            <param index="4">
              <value>
                <![CDATA[Test@123]]>
              </value>
            </param>
            <param index="5">
              <value>
                <![CDATA[25]]>
              </value>
            </param>
            <param index="6">
              <value>
                <![CDATA[May]]>
              </value>
            </param>
            <param index="7">
              <value>
                <![CDATA[1998]]>
              </value>
            </param>
            <param index="8">
              <value>
                <![CDATA[KnightLabs]]>
              </value>
            </param>
            <param index="9">
              <value>
                <![CDATA[Block B]]>
              </value>
            </param>
            <param index="10">
              <value>
                <![CDATA[India]]>
              </value>
            </param>
            <param index="11">
              <value>
                <![CDATA[KA]]>
              </value>
            </param>
            <param index="12">
              <value>
                <![CDATA[Mysore]]>
              </value>
            </param>
            <param index="13">
              <value>
                <![CDATA[570001]]>
              </value>
            </param>
            <param index="14">
              <value>
                <![CDATA[9500000003]]>
              </value>
            </param>
          </params>
          <reporter-output>
          </reporter-output>
        </test-method> <!-- signupTest -->
        <test-method is-config="true" signature="tearDown()[pri:0, instance:com.automationexercise.tests.SignupTest@64712be]" started-at="2026-02-17T09:38:54 IST" name="tearDown" finished-at="2026-02-17T09:38:54 IST" duration-ms="750" status="PASS">
          <reporter-output>
          </reporter-output>
        </test-method> <!-- tearDown -->
        <test-method is-config="true" signature="setUp()[pri:0, instance:com.automationexercise.tests.SignupTest@64712be]" started-at="2026-02-17T09:38:54 IST" name="setUp" finished-at="2026-02-17T09:39:00 IST" duration-ms="5983" status="PASS">
          <reporter-output>
          </reporter-output>
        </test-method> <!-- setUp -->
        <test-method signature="signupTest(java.lang.String,java.lang.String,java.lang.String,java.lang.String,java.lang.String,java.lang.String,java.lang.String,java.lang.String,java.lang.String,java.lang.String,java.lang.String,java.lang.String,java.lang.String,java.lang.String,java.lang.String)[pri:0, instance:com.automationexercise.tests.SignupTest@64712be]" started-at="2026-02-17T09:39:00 IST" name="signupTest" data-provider="signupData" finished-at="2026-02-17T09:39:09 IST" duration-ms="8126" status="PASS">
          <params>
            <param index="0">
              <value>
                <![CDATA[TC04]]>
              </value>
            </param>
            <param index="1">
              <value>
                <![CDATA[Iris]]>
              </value>
            </param>
            <param index="2">
              <value>
                <![CDATA[Coleman]]>
              </value>
            </param>
            <param index="3">
              <value>
                <![CDATA[iris.coleman801@testmail.com]]>
              </value>
            </param>
            <param index="4">
              <value>
                <![CDATA[Test@123]]>
              </value>
            </param>
            <param index="5">
              <value>
                <![CDATA[9]]>
              </value>
            </param>
            <param index="6">
              <value>
                <![CDATA[January]]>
              </value>
            </param>
            <param index="7">
              <value>
                <![CDATA[1996]]>
              </value>
            </param>
            <param index="8">
              <value>
                <![CDATA[ColemanTech]]>
              </value>
            </param>
            <param index="9">
              <value>
                <![CDATA[Street 11]]>
              </value>
            </param>
            <param index="10">
              <value>
                <![CDATA[India]]>
              </value>
            </param>
            <param index="11">
              <value>
                <![CDATA[MP]]>
              </value>
            </param>
            <param index="12">
              <value>
                <![CDATA[Indore]]>
              </value>
            </param>
            <param index="13">
              <value>
                <![CDATA[452010]]>
              </value>
            </param>
            <param index="14">
              <value>
                <![CDATA[9500000001]]>
              </value>
            </param>
          </params>
          <reporter-output>
          </reporter-output>
        </test-method> <!-- signupTest -->
        <test-method is-config="true" signature="tearDown()[pri:0, instance:com.automationexercise.tests.SignupTest@64712be]" started-at="2026-02-17T09:39:09 IST" name="tearDown" finished-at="2026-02-17T09:39:09 IST" duration-ms="544" status="PASS">
          <reporter-output>
          </reporter-output>
        </test-method> <!-- tearDown -->
      </class> <!-- com.automationexercise.tests.SignupTest -->
    </test> <!-- AllTests -->
  </suite> <!-- AutomationExerciseSuite -->
</testng-results>
