<?xml version="1.0" encoding="UTF-8"?>
<testng-results ignored="0" total="4" passed="4" failed="0" skipped="0">
  <reporter-output>
  </reporter-output>
  <suite started-at="2026-02-17T10:01:17 IST" name="AutomationExerciseSuite" finished-at="2026-02-17T10:02:08 IST" duration-ms="50775">
    <groups>
    </groups>
    <test started-at="2026-02-17T10:01:17 IST" name="Navigation Tests" finished-at="2026-02-17T10:02:08 IST" duration-ms="50775">
      <class name="tests.NavigationTest">
        <test-method is-config="true" signature="startReport()[pri:0, instance:tests.NavigationTest@fbd1f6]" started-at="2026-02-17T10:01:17 IST" name="startReport" finished-at="2026-02-17T10:01:17 IST" duration-ms="199" status="PASS">
          <reporter-output>
          </reporter-output>
        </test-method> <!-- startReport -->
        <test-method is-config="true" signature="setup(java.lang.reflect.Method)[pri:0, instance:tests.NavigationTest@fbd1f6]" started-at="2026-02-17T10:01:17 IST" name="setup" finished-at="2026-02-17T10:01:23 IST" duration-ms="5629" status="PASS">
          <params>
            <param index="0">
              <value>
                <![CDATA[public void tests.NavigationTest.testTopMenuNavigation()]]>
              </value>
            </param>
          </params>
          <reporter-output>
          </reporter-output>
        </test-method> <!-- setup -->
        <test-method signature="testTopMenuNavigation()[pri:1, instance:tests.NavigationTest@fbd1f6]" started-at="2026-02-17T10:01:23 IST" name="testTopMenuNavigation" finished-at="2026-02-17T10:01:29 IST" duration-ms="5887" status="PASS">
          <reporter-output>
          </reporter-output>
        </test-method> <!-- testTopMenuNavigation -->
        <test-method is-config="true" signature="tearDown(org.testng.ITestResult)[pri:0, instance:tests.NavigationTest@fbd1f6]" started-at="2026-02-17T10:01:29 IST" name="tearDown" finished-at="2026-02-17T10:01:29 IST" duration-ms="213" status="PASS">
          <params>
            <param index="0">
              <value>
                <![CDATA[[TestResult name=testTopMenuNavigation status=SUCCESS method=NavigationTest.testTopMenuNavigation()[pri:1, instance:tests.NavigationTest@fbd1f6] output={null}]]]>
              </value>
            </param>
          </params>
          <reporter-output>
          </reporter-output>
        </test-method> <!-- tearDown -->
        <test-method is-config="true" signature="setup(java.lang.reflect.Method)[pri:0, instance:tests.NavigationTest@fbd1f6]" started-at="2026-02-17T10:01:29 IST" name="setup" finished-at="2026-02-17T10:01:34 IST" duration-ms="4614" status="PASS">
          <params>
            <param index="0">
              <value>
                <![CDATA[public void tests.NavigationTest.testCategoryNavigation()]]>
              </value>
            </param>
          </params>
          <reporter-output>
          </reporter-output>
        </test-method> <!-- setup -->
        <test-method signature="testCategoryNavigation()[pri:2, instance:tests.NavigationTest@fbd1f6]" started-at="2026-02-17T10:01:34 IST" name="testCategoryNavigation" finished-at="2026-02-17T10:01:46 IST" duration-ms="11886" status="PASS">
          <reporter-output>
          </reporter-output>
        </test-method> <!-- testCategoryNavigation -->
        <test-method is-config="true" signature="tearDown(org.testng.ITestResult)[pri:0, instance:tests.NavigationTest@fbd1f6]" started-at="2026-02-17T10:01:46 IST" name="tearDown" finished-at="2026-02-17T10:01:46 IST" duration-ms="195" status="PASS">
          <params>
            <param index="0">
              <value>
                <![CDATA[[TestResult name=testCategoryNavigation status=SUCCESS method=NavigationTest.testCategoryNavigation()[pri:2, instance:tests.NavigationTest@fbd1f6] output={null}]]]>
              </value>
            </param>
          </params>
          <reporter-output>
          </reporter-output>
        </test-method> <!-- tearDown -->
        <test-method is-config="true" signature="setup(java.lang.reflect.Method)[pri:0, instance:tests.NavigationTest@fbd1f6]" started-at="2026-02-17T10:01:46 IST" name="setup" finished-at="2026-02-17T10:01:53 IST" duration-ms="7704" status="PASS">
          <params>
            <param index="0">
              <value>
                <![CDATA[public void tests.NavigationTest.testAddToCartFlow()]]>
              </value>
            </param>
          </params>
          <reporter-output>
          </reporter-output>
        </test-method> <!-- setup -->
        <test-method signature="testAddToCartFlow()[pri:3, instance:tests.NavigationTest@fbd1f6]" started-at="2026-02-17T10:01:53 IST" name="testAddToCartFlow" finished-at="2026-02-17T10:01:58 IST" duration-ms="4175" status="PASS">
          <reporter-output>
          </reporter-output>
        </test-method> <!-- testAddToCartFlow -->
        <test-method is-config="true" signature="tearDown(org.testng.ITestResult)[pri:0, instance:tests.NavigationTest@fbd1f6]" started-at="2026-02-17T10:01:58 IST" name="tearDown" finished-at="2026-02-17T10:01:58 IST" duration-ms="189" status="PASS">
          <params>
            <param index="0">
              <value>
                <![CDATA[[TestResult name=testAddToCartFlow status=SUCCESS method=NavigationTest.testAddToCartFlow()[pri:3, instance:tests.NavigationTest@fbd1f6] output={null}]]]>
              </value>
            </param>
          </params>
          <reporter-output>
          </reporter-output>
        </test-method> <!-- tearDown -->
        <test-method is-config="true" signature="setup(java.lang.reflect.Method)[pri:0, instance:tests.NavigationTest@fbd1f6]" started-at="2026-02-17T10:01:58 IST" name="setup" finished-at="2026-02-17T10:02:04 IST" duration-ms="6164" status="PASS">
          <params>
            <param index="0">
              <value>
                <![CDATA[public void tests.NavigationTest.testContactAndFooter()]]>
              </value>
            </param>
          </params>
          <reporter-output>
          </reporter-output>
        </test-method> <!-- setup -->
        <test-method signature="testContactAndFooter()[pri:4, instance:tests.NavigationTest@fbd1f6]" started-at="2026-02-17T10:02:04 IST" name="testContactAndFooter" finished-at="2026-02-17T10:02:08 IST" duration-ms="3876" status="PASS">
          <reporter-output>
          </reporter-output>
        </test-method> <!-- testContactAndFooter -->
        <test-method is-config="true" signature="tearDown(org.testng.ITestResult)[pri:0, instance:tests.NavigationTest@fbd1f6]" started-at="2026-02-17T10:02:08 IST" name="tearDown" finished-at="2026-02-17T10:02:08 IST" duration-ms="208" status="PASS">
          <params>
            <param index="0">
              <value>
                <![CDATA[[TestResult name=testContactAndFooter status=SUCCESS method=NavigationTest.testContactAndFooter()[pri:4, instance:tests.NavigationTest@fbd1f6] output={null}]]]>
              </value>
            </param>
          </params>
          <reporter-output>
          </reporter-output>
        </test-method> <!-- tearDown -->
        <test-method is-config="true" signature="endReport()[pri:0, instance:tests.NavigationTest@fbd1f6]" started-at="2026-02-17T10:02:08 IST" name="endReport" finished-at="2026-02-17T10:02:08 IST" duration-ms="325" status="PASS">
          <reporter-output>
          </reporter-output>
        </test-method> <!-- endReport -->
      </class> <!-- tests.NavigationTest -->
    </test> <!-- Navigation Tests -->
  </suite> <!-- AutomationExerciseSuite -->
</testng-results>
