<?xml version="1.0" encoding="UTF-8"?>
<!-- Generated by org.testng.reporters.JUnitReportReporter -->
<testsuite hostname="DESKTOP-JLJN62Q" failures="0" tests="4" name="com.automationexercise.tests.SignupTest" time="158.147" errors="0" timestamp="2026-02-17T09:41:06 IST" skipped="0">
  <testcase classname="com.automationexercise.tests.SignupTest" name="signupTest" time="27.979"/>
  <testcase classname="com.automationexercise.tests.SignupTest" name="signupTest" time="56.595"/>
  <testcase classname="com.automationexercise.tests.SignupTest" name="signupTest" time="54.299"/>
  <testcase classname="com.automationexercise.tests.SignupTest" name="signupTest" time="19.274"/>
</testsuite> <!-- com.automationexercise.tests.SignupTest -->
