<?xml version="1.0" encoding="UTF-8"?>
<!-- Generated by org.testng.reporters.JUnitReportReporter -->
<testsuite hostname="DESKTOP-JLJN62Q" failures="0" tests="4" name="com.automationexercise.tests.LoginTest" time="115.947" errors="0" timestamp="2026-02-17T09:41:06 IST" skipped="0">
  <testcase classname="com.automationexercise.tests.LoginTest" name="loginTest" time="15.244"/>
  <testcase classname="com.automationexercise.tests.LoginTest" name="loginTest" time="28.371"/>
  <testcase classname="com.automationexercise.tests.LoginTest" name="loginTest" time="28.069"/>
  <testcase classname="com.automationexercise.tests.LoginTest" name="loginTest" time="44.263"/>
</testsuite> <!-- com.automationexercise.tests.LoginTest -->
