<?xml version="1.0" encoding="UTF-8"?>
<!-- Generated by org.testng.reporters.JUnitXMLReporter -->
<testsuite ignored="0" hostname="DESKTOP-4LJ4O1F" failures="0" tests="4" name="Default test" time="35.242" errors="0" timestamp="2026-02-16T10:33:02 IST">
  <testcase classname="tests.NavigationTest" name="testTopMenuNavigation" time="7.388"/>
  <testcase classname="tests.NavigationTest" name="testCategoryNavigation" time="12.833"/>
  <testcase classname="tests.NavigationTest" name="testAddToCartFlow" time="3.587"/>
  <testcase classname="tests.NavigationTest" name="testContactAndFooter" time="2.848"/>
</testsuite> <!-- Default test -->
